{"/home/benjamin/Documents/Programming/webTime/src/background.js": {"path":"/home/benjamin/Documents/Programming/webTime/src/background.js","statementMap":{"0":{"start":{"line":11,"column":19},"end":{"line":11,"column":30}},"1":{"start":{"line":13,"column":21},"end":{"line":13,"column":57}},"2":{"start":{"line":16,"column":0},"end":{"line":16,"column":60}},"3":{"start":{"line":17,"column":0},"end":{"line":17,"column":58}},"4":{"start":{"line":20,"column":0},"end":{"line":36,"column":3}},"5":{"start":{"line":21,"column":1},"end":{"line":35,"column":2}},"6":{"start":{"line":22,"column":2},"end":{"line":34,"column":3}},"7":{"start":{"line":24,"column":3},"end":{"line":28,"column":4}},"8":{"start":{"line":25,"column":4},"end":{"line":27,"column":7}},"9":{"start":{"line":30,"column":3},"end":{"line":30,"column":25}},"10":{"start":{"line":31,"column":3},"end":{"line":31,"column":21}},"11":{"start":{"line":33,"column":3},"end":{"line":33,"column":22}},"12":{"start":{"line":39,"column":0},"end":{"line":52,"column":3}},"13":{"start":{"line":40,"column":1},"end":{"line":42,"column":2}},"14":{"start":{"line":41,"column":2},"end":{"line":41,"column":9}},"15":{"start":{"line":44,"column":1},"end":{"line":51,"column":2}},"16":{"start":{"line":46,"column":2},"end":{"line":46,"column":27}},"17":{"start":{"line":49,"column":14},"end":{"line":49,"column":35}},"18":{"start":{"line":50,"column":2},"end":{"line":50,"column":24}},"19":{"start":{"line":55,"column":0},"end":{"line":62,"column":3}},"20":{"start":{"line":56,"column":1},"end":{"line":61,"column":4}},"21":{"start":{"line":57,"column":2},"end":{"line":60,"column":3}},"22":{"start":{"line":58,"column":3},"end":{"line":58,"column":25}},"23":{"start":{"line":59,"column":3},"end":{"line":59,"column":21}},"24":{"start":{"line":65,"column":0},"end":{"line":90,"column":3}},"25":{"start":{"line":66,"column":1},"end":{"line":88,"column":6}},"26":{"start":{"line":67,"column":2},"end":{"line":87,"column":3}},"27":{"start":{"line":68,"column":22},"end":{"line":68,"column":43}},"28":{"start":{"line":69,"column":18},"end":{"line":69,"column":32}},"29":{"start":{"line":71,"column":3},"end":{"line":86,"column":4}},"30":{"start":{"line":72,"column":4},"end":{"line":72,"column":45}},"31":{"start":{"line":73,"column":4},"end":{"line":76,"column":7}},"32":{"start":{"line":78,"column":4},"end":{"line":81,"column":6}},"33":{"start":{"line":82,"column":4},"end":{"line":85,"column":7}},"34":{"start":{"line":89,"column":1},"end":{"line":89,"column":13}},"35":{"start":{"line":94,"column":1},"end":{"line":94,"column":47}},"36":{"start":{"line":96,"column":15},"end":{"line":96,"column":46}},"37":{"start":{"line":97,"column":1},"end":{"line":97,"column":54}},"38":{"start":{"line":102,"column":1},"end":{"line":128,"column":2}},"39":{"start":{"line":103,"column":16},"end":{"line":103,"column":47}},"40":{"start":{"line":104,"column":18},"end":{"line":104,"column":53}},"41":{"start":{"line":106,"column":2},"end":{"line":108,"column":3}},"42":{"start":{"line":107,"column":3},"end":{"line":107,"column":66}},"43":{"start":{"line":110,"column":2},"end":{"line":125,"column":3}},"44":{"start":{"line":111,"column":23},"end":{"line":111,"column":54}},"45":{"start":{"line":113,"column":3},"end":{"line":115,"column":4}},"46":{"start":{"line":114,"column":4},"end":{"line":114,"column":59}},"47":{"start":{"line":117,"column":3},"end":{"line":121,"column":6}},"48":{"start":{"line":118,"column":4},"end":{"line":120,"column":5}},"49":{"start":{"line":119,"column":5},"end":{"line":119,"column":43}},"50":{"start":{"line":123,"column":3},"end":{"line":123,"column":42}},"51":{"start":{"line":124,"column":3},"end":{"line":124,"column":40}},"52":{"start":{"line":127,"column":2},"end":{"line":127,"column":46}},"53":{"start":{"line":133,"column":1},"end":{"line":135,"column":2}},"54":{"start":{"line":134,"column":2},"end":{"line":134,"column":38}},"55":{"start":{"line":137,"column":1},"end":{"line":161,"column":2}},"56":{"start":{"line":139,"column":2},"end":{"line":157,"column":3}},"57":{"start":{"line":140,"column":18},"end":{"line":140,"column":49}},"58":{"start":{"line":141,"column":17},"end":{"line":141,"column":44}},"59":{"start":{"line":143,"column":3},"end":{"line":145,"column":4}},"60":{"start":{"line":144,"column":4},"end":{"line":144,"column":67}},"61":{"start":{"line":147,"column":3},"end":{"line":147,"column":28}},"62":{"start":{"line":148,"column":21},"end":{"line":152,"column":4}},"63":{"start":{"line":154,"column":3},"end":{"line":154,"column":50}},"64":{"start":{"line":156,"column":3},"end":{"line":156,"column":50}},"65":{"start":{"line":160,"column":2},"end":{"line":160,"column":27}}},"fnMap":{"0":{"name":"(anonymous_0)","decl":{"start":{"line":20,"column":34},"end":{"line":20,"column":35}},"loc":{"start":{"line":20,"column":74},"end":{"line":36,"column":1}},"line":20},"1":{"name":"(anonymous_1)","decl":{"start":{"line":39,"column":42},"end":{"line":39,"column":43}},"loc":{"start":{"line":39,"column":68},"end":{"line":52,"column":1}},"line":39},"2":{"name":"(anonymous_2)","decl":{"start":{"line":55,"column":36},"end":{"line":55,"column":37}},"loc":{"start":{"line":55,"column":64},"end":{"line":62,"column":1}},"line":55},"3":{"name":"(anonymous_3)","decl":{"start":{"line":56,"column":35},"end":{"line":56,"column":36}},"loc":{"start":{"line":56,"column":56},"end":{"line":61,"column":2}},"line":56},"4":{"name":"(anonymous_4)","decl":{"start":{"line":65,"column":37},"end":{"line":65,"column":38}},"loc":{"start":{"line":65,"column":72},"end":{"line":90,"column":1}},"line":65},"5":{"name":"(anonymous_5)","decl":{"start":{"line":66,"column":2},"end":{"line":66,"column":3}},"loc":{"start":{"line":66,"column":14},"end":{"line":88,"column":2}},"line":66},"6":{"name":"initializeExtension","decl":{"start":{"line":93,"column":15},"end":{"line":93,"column":34}},"loc":{"start":{"line":93,"column":37},"end":{"line":98,"column":1}},"line":93},"7":{"name":"resetTimerDaily","decl":{"start":{"line":101,"column":15},"end":{"line":101,"column":30}},"loc":{"start":{"line":101,"column":33},"end":{"line":129,"column":1}},"line":101},"8":{"name":"(anonymous_8)","decl":{"start":{"line":117,"column":36},"end":{"line":117,"column":37}},"loc":{"start":{"line":117,"column":45},"end":{"line":121,"column":4}},"line":117},"9":{"name":"updateTimerState","decl":{"start":{"line":132,"column":15},"end":{"line":132,"column":31}},"loc":{"start":{"line":132,"column":37},"end":{"line":162,"column":1}},"line":132}},"branchMap":{"0":{"loc":{"start":{"line":21,"column":1},"end":{"line":35,"column":2}},"type":"if","locations":[{"start":{"line":21,"column":1},"end":{"line":35,"column":2}},{"start":{},"end":{}}],"line":21},"1":{"loc":{"start":{"line":21,"column":5},"end":{"line":21,"column":55}},"type":"binary-expr","locations":[{"start":{"line":21,"column":5},"end":{"line":21,"column":37}},{"start":{"line":21,"column":41},"end":{"line":21,"column":44}},{"start":{"line":21,"column":48},"end":{"line":21,"column":55}}],"line":21},"2":{"loc":{"start":{"line":24,"column":3},"end":{"line":28,"column":4}},"type":"if","locations":[{"start":{"line":24,"column":3},"end":{"line":28,"column":4}},{"start":{},"end":{}}],"line":24},"3":{"loc":{"start":{"line":40,"column":1},"end":{"line":42,"column":2}},"type":"if","locations":[{"start":{"line":40,"column":1},"end":{"line":42,"column":2}},{"start":{},"end":{}}],"line":40},"4":{"loc":{"start":{"line":44,"column":1},"end":{"line":51,"column":2}},"type":"if","locations":[{"start":{"line":44,"column":1},"end":{"line":51,"column":2}},{"start":{"line":47,"column":8},"end":{"line":51,"column":2}}],"line":44},"5":{"loc":{"start":{"line":57,"column":2},"end":{"line":60,"column":3}},"type":"if","locations":[{"start":{"line":57,"column":2},"end":{"line":60,"column":3}},{"start":{},"end":{}}],"line":57},"6":{"loc":{"start":{"line":57,"column":6},"end":{"line":57,"column":20}},"type":"binary-expr","locations":[{"start":{"line":57,"column":6},"end":{"line":57,"column":9}},{"start":{"line":57,"column":13},"end":{"line":57,"column":20}}],"line":57},"7":{"loc":{"start":{"line":67,"column":2},"end":{"line":87,"column":3}},"type":"if","locations":[{"start":{"line":67,"column":2},"end":{"line":87,"column":3}},{"start":{},"end":{}}],"line":67},"8":{"loc":{"start":{"line":106,"column":2},"end":{"line":108,"column":3}},"type":"if","locations":[{"start":{"line":106,"column":2},"end":{"line":108,"column":3}},{"start":{},"end":{}}],"line":106},"9":{"loc":{"start":{"line":110,"column":2},"end":{"line":125,"column":3}},"type":"if","locations":[{"start":{"line":110,"column":2},"end":{"line":125,"column":3}},{"start":{},"end":{}}],"line":110},"10":{"loc":{"start":{"line":113,"column":3},"end":{"line":115,"column":4}},"type":"if","locations":[{"start":{"line":113,"column":3},"end":{"line":115,"column":4}},{"start":{},"end":{}}],"line":113},"11":{"loc":{"start":{"line":118,"column":4},"end":{"line":120,"column":5}},"type":"if","locations":[{"start":{"line":118,"column":4},"end":{"line":120,"column":5}},{"start":{},"end":{}}],"line":118},"12":{"loc":{"start":{"line":133,"column":1},"end":{"line":135,"column":2}},"type":"if","locations":[{"start":{"line":133,"column":1},"end":{"line":135,"column":2}},{"start":{},"end":{}}],"line":133},"13":{"loc":{"start":{"line":133,"column":5},"end":{"line":133,"column":21}},"type":"binary-expr","locations":[{"start":{"line":133,"column":5},"end":{"line":133,"column":9}},{"start":{"line":133,"column":13},"end":{"line":133,"column":21}}],"line":133},"14":{"loc":{"start":{"line":137,"column":1},"end":{"line":161,"column":2}},"type":"if","locations":[{"start":{"line":137,"column":1},"end":{"line":161,"column":2}},{"start":{"line":158,"column":8},"end":{"line":161,"column":2}}],"line":137},"15":{"loc":{"start":{"line":143,"column":3},"end":{"line":145,"column":4}},"type":"if","locations":[{"start":{"line":143,"column":3},"end":{"line":145,"column":4}},{"start":{},"end":{}}],"line":143}},"s":{"0":0,"1":0,"2":0,"3":0,"4":0,"5":0,"6":0,"7":0,"8":0,"9":0,"10":0,"11":0,"12":0,"13":0,"14":0,"15":0,"16":0,"17":0,"18":0,"19":0,"20":0,"21":0,"22":0,"23":0,"24":0,"25":0,"26":0,"27":0,"28":0,"29":0,"30":0,"31":0,"32":0,"33":0,"34":0,"35":0,"36":0,"37":0,"38":0,"39":0,"40":0,"41":0,"42":0,"43":0,"44":0,"45":0,"46":0,"47":0,"48":0,"49":0,"50":0,"51":0,"52":0,"53":0,"54":0,"55":0,"56":0,"57":0,"58":0,"59":0,"60":0,"61":0,"62":0,"63":0,"64":0,"65":0},"f":{"0":0,"1":0,"2":0,"3":0,"4":0,"5":0,"6":0,"7":0,"8":0,"9":0},"b":{"0":[0,0],"1":[0,0,0],"2":[0,0],"3":[0,0],"4":[0,0],"5":[0,0],"6":[0,0],"7":[0,0],"8":[0,0],"9":[0,0],"10":[0,0],"11":[0,0],"12":[0,0],"13":[0,0],"14":[0,0],"15":[0,0]}}
,"/home/benjamin/Documents/Programming/webTime/src/content.js": {"path":"/home/benjamin/Documents/Programming/webTime/src/content.js","statementMap":{"0":{"start":{"line":3,"column":16},"end":{"line":3,"column":29}},"1":{"start":{"line":5,"column":0},"end":{"line":16,"column":3}},"2":{"start":{"line":6,"column":1},"end":{"line":9,"column":2}},"3":{"start":{"line":7,"column":20},"end":{"line":7,"column":33}},"4":{"start":{"line":8,"column":2},"end":{"line":8,"column":37}},"5":{"start":{"line":11,"column":1},"end":{"line":15,"column":2}},"6":{"start":{"line":12,"column":2},"end":{"line":14,"column":3}},"7":{"start":{"line":13,"column":3},"end":{"line":13,"column":29}}},"fnMap":{"0":{"name":"(anonymous_0)","decl":{"start":{"line":5,"column":37},"end":{"line":5,"column":38}},"loc":{"start":{"line":5,"column":78},"end":{"line":16,"column":1}},"line":5}},"branchMap":{"0":{"loc":{"start":{"line":6,"column":1},"end":{"line":9,"column":2}},"type":"if","locations":[{"start":{"line":6,"column":1},"end":{"line":9,"column":2}},{"start":{},"end":{}}],"line":6},"1":{"loc":{"start":{"line":11,"column":1},"end":{"line":15,"column":2}},"type":"if","locations":[{"start":{"line":11,"column":1},"end":{"line":15,"column":2}},{"start":{},"end":{}}],"line":11},"2":{"loc":{"start":{"line":12,"column":2},"end":{"line":14,"column":3}},"type":"if","locations":[{"start":{"line":12,"column":2},"end":{"line":14,"column":3}},{"start":{},"end":{}}],"line":12}},"s":{"0":0,"1":0,"2":0,"3":0,"4":0,"5":0,"6":0,"7":0},"f":{"0":0},"b":{"0":[0,0],"1":[0,0],"2":[0,0]}}
,"/home/benjamin/Documents/Programming/webTime/src/popup.js": {"path":"/home/benjamin/Documents/Programming/webTime/src/popup.js","statementMap":{"0":{"start":{"line":1,"column":0},"end":{"line":29,"column":3}},"1":{"start":{"line":2,"column":19},"end":{"line":2,"column":58}},"2":{"start":{"line":3,"column":22},"end":{"line":3,"column":58}},"3":{"start":{"line":5,"column":1},"end":{"line":28,"column":4}},"4":{"start":{"line":6,"column":2},"end":{"line":27,"column":4}},"5":{"start":{"line":11,"column":4},"end":{"line":25,"column":5}},"6":{"start":{"line":12,"column":5},"end":{"line":12,"column":49}},"7":{"start":{"line":13,"column":5},"end":{"line":15,"column":14}},"8":{"start":{"line":14,"column":6},"end":{"line":14,"column":36}},"9":{"start":{"line":17,"column":5},"end":{"line":19,"column":14}},"10":{"start":{"line":18,"column":6},"end":{"line":18,"column":21}},"11":{"start":{"line":21,"column":5},"end":{"line":21,"column":49}},"12":{"start":{"line":22,"column":5},"end":{"line":24,"column":14}},"13":{"start":{"line":23,"column":6},"end":{"line":23,"column":36}}},"fnMap":{"0":{"name":"(anonymous_0)","decl":{"start":{"line":1,"column":46},"end":{"line":1,"column":47}},"loc":{"start":{"line":1,"column":58},"end":{"line":29,"column":1}},"line":1},"1":{"name":"(anonymous_1)","decl":{"start":{"line":5,"column":37},"end":{"line":5,"column":38}},"loc":{"start":{"line":5,"column":43},"end":{"line":28,"column":2}},"line":5},"2":{"name":"(anonymous_2)","decl":{"start":{"line":10,"column":3},"end":{"line":10,"column":4}},"loc":{"start":{"line":10,"column":23},"end":{"line":26,"column":4}},"line":10},"3":{"name":"(anonymous_3)","decl":{"start":{"line":13,"column":16},"end":{"line":13,"column":17}},"loc":{"start":{"line":13,"column":22},"end":{"line":15,"column":6}},"line":13},"4":{"name":"(anonymous_4)","decl":{"start":{"line":17,"column":16},"end":{"line":17,"column":17}},"loc":{"start":{"line":17,"column":22},"end":{"line":19,"column":6}},"line":17},"5":{"name":"(anonymous_5)","decl":{"start":{"line":22,"column":16},"end":{"line":22,"column":17}},"loc":{"start":{"line":22,"column":22},"end":{"line":24,"column":6}},"line":22}},"branchMap":{"0":{"loc":{"start":{"line":11,"column":4},"end":{"line":25,"column":5}},"type":"if","locations":[{"start":{"line":11,"column":4},"end":{"line":25,"column":5}},{"start":{"line":20,"column":11},"end":{"line":25,"column":5}}],"line":11},"1":{"loc":{"start":{"line":11,"column":8},"end":{"line":11,"column":49}},"type":"binary-expr","locations":[{"start":{"line":11,"column":8},"end":{"line":11,"column":16}},{"start":{"line":11,"column":20},"end":{"line":11,"column":49}}],"line":11}},"s":{"0":0,"1":0,"2":0,"3":0,"4":0,"5":0,"6":0,"7":0,"8":0,"9":0,"10":0,"11":0,"12":0,"13":0},"f":{"0":0,"1":0,"2":0,"3":0,"4":0,"5":0},"b":{"0":[0,0],"1":[0,0]}}
,"/home/benjamin/Documents/Programming/webTime/src/settings.js": {"path":"/home/benjamin/Documents/Programming/webTime/src/settings.js","statementMap":{"0":{"start":{"line":1,"column":32},"end":{"line":1,"column":45}},"1":{"start":{"line":2,"column":36},"end":{"line":2,"column":50}}},"fnMap":{},"branchMap":{},"s":{"0":1,"1":1},"f":{},"b":{},"_coverageSchema":"1a1c01bbd47fc00a2c39e90264f33305004495a9","hash":"df26fc4277bf9f4db27616f2cd7e0d06af0ff83b"}
,"/home/benjamin/Documents/Programming/webTime/src/utils/data.js": {"path":"/home/benjamin/Documents/Programming/webTime/src/utils/data.js","statementMap":{"0":{"start":{"line":5,"column":1},"end":{"line":14,"column":4}},"1":{"start":{"line":6,"column":2},"end":{"line":13,"column":5}},"2":{"start":{"line":7,"column":3},"end":{"line":12,"column":4}},"3":{"start":{"line":8,"column":4},"end":{"line":8,"column":37}},"4":{"start":{"line":9,"column":4},"end":{"line":9,"column":11}},"5":{"start":{"line":11,"column":4},"end":{"line":11,"column":25}},"6":{"start":{"line":18,"column":1},"end":{"line":27,"column":4}},"7":{"start":{"line":19,"column":2},"end":{"line":26,"column":5}},"8":{"start":{"line":20,"column":3},"end":{"line":25,"column":4}},"9":{"start":{"line":21,"column":4},"end":{"line":21,"column":67}},"10":{"start":{"line":22,"column":4},"end":{"line":22,"column":37}},"11":{"start":{"line":24,"column":4},"end":{"line":24,"column":14}},"12":{"start":{"line":31,"column":13},"end":{"line":31,"column":34}},"13":{"start":{"line":32,"column":19},"end":{"line":32,"column":28}},"14":{"start":{"line":34,"column":1},"end":{"line":37,"column":4}},"15":{"start":{"line":41,"column":1},"end":{"line":49,"column":2}},"16":{"start":{"line":42,"column":23},"end":{"line":42,"column":41}},"17":{"start":{"line":44,"column":2},"end":{"line":46,"column":3}},"18":{"start":{"line":45,"column":3},"end":{"line":45,"column":36}},"19":{"start":{"line":48,"column":2},"end":{"line":48,"column":54}},"20":{"start":{"line":53,"column":1},"end":{"line":70,"column":2}},"21":{"start":{"line":54,"column":22},"end":{"line":54,"column":53}},"22":{"start":{"line":55,"column":2},"end":{"line":57,"column":3}},"23":{"start":{"line":56,"column":3},"end":{"line":56,"column":56}},"24":{"start":{"line":59,"column":25},"end":{"line":65,"column":3}},"25":{"start":{"line":67,"column":2},"end":{"line":67,"column":50}},"26":{"start":{"line":69,"column":2},"end":{"line":69,"column":25}}},"fnMap":{"0":{"name":"getData","decl":{"start":{"line":4,"column":22},"end":{"line":4,"column":29}},"loc":{"start":{"line":4,"column":35},"end":{"line":15,"column":1}},"line":4},"1":{"name":"(anonymous_1)","decl":{"start":{"line":5,"column":20},"end":{"line":5,"column":21}},"loc":{"start":{"line":5,"column":47},"end":{"line":14,"column":2}},"line":5},"2":{"name":"(anonymous_2)","decl":{"start":{"line":6,"column":34},"end":{"line":6,"column":35}},"loc":{"start":{"line":6,"column":52},"end":{"line":13,"column":3}},"line":6},"3":{"name":"setData","decl":{"start":{"line":17,"column":22},"end":{"line":17,"column":29}},"loc":{"start":{"line":17,"column":41},"end":{"line":28,"column":1}},"line":17},"4":{"name":"(anonymous_4)","decl":{"start":{"line":18,"column":20},"end":{"line":18,"column":21}},"loc":{"start":{"line":18,"column":41},"end":{"line":27,"column":2}},"line":18},"5":{"name":"(anonymous_5)","decl":{"start":{"line":19,"column":44},"end":{"line":19,"column":45}},"loc":{"start":{"line":19,"column":50},"end":{"line":26,"column":3}},"line":19},"6":{"name":"sendData","decl":{"start":{"line":30,"column":22},"end":{"line":30,"column":30}},"loc":{"start":{"line":30,"column":47},"end":{"line":38,"column":1}},"line":30},"7":{"name":"ensureDefaultData","decl":{"start":{"line":40,"column":22},"end":{"line":40,"column":39}},"loc":{"start":{"line":40,"column":59},"end":{"line":50,"column":1}},"line":40},"8":{"name":"addWebToTrack","decl":{"start":{"line":52,"column":22},"end":{"line":52,"column":35}},"loc":{"start":{"line":52,"column":44},"end":{"line":71,"column":1}},"line":52}},"branchMap":{"0":{"loc":{"start":{"line":7,"column":3},"end":{"line":12,"column":4}},"type":"if","locations":[{"start":{"line":7,"column":3},"end":{"line":12,"column":4}},{"start":{"line":10,"column":10},"end":{"line":12,"column":4}}],"line":7},"1":{"loc":{"start":{"line":20,"column":3},"end":{"line":25,"column":4}},"type":"if","locations":[{"start":{"line":20,"column":3},"end":{"line":25,"column":4}},{"start":{"line":23,"column":10},"end":{"line":25,"column":4}}],"line":20},"2":{"loc":{"start":{"line":44,"column":2},"end":{"line":46,"column":3}},"type":"if","locations":[{"start":{"line":44,"column":2},"end":{"line":46,"column":3}},{"start":{},"end":{}}],"line":44},"3":{"loc":{"start":{"line":44,"column":6},"end":{"line":44,"column":57}},"type":"binary-expr","locations":[{"start":{"line":44,"column":6},"end":{"line":44,"column":32}},{"start":{"line":44,"column":36},"end":{"line":44,"column":57}}],"line":44},"4":{"loc":{"start":{"line":55,"column":2},"end":{"line":57,"column":3}},"type":"if","locations":[{"start":{"line":55,"column":2},"end":{"line":57,"column":3}},{"start":{},"end":{}}],"line":55}},"s":{"0":0,"1":0,"2":0,"3":0,"4":0,"5":0,"6":0,"7":0,"8":0,"9":0,"10":0,"11":0,"12":0,"13":0,"14":0,"15":0,"16":0,"17":0,"18":0,"19":0,"20":0,"21":0,"22":0,"23":0,"24":0,"25":0,"26":0},"f":{"0":0,"1":0,"2":0,"3":0,"4":0,"5":0,"6":0,"7":0,"8":0},"b":{"0":[0,0],"1":[0,0],"2":[0,0],"3":[0,0],"4":[0,0]},"_coverageSchema":"1a1c01bbd47fc00a2c39e90264f33305004495a9","hash":"d9f6205a330233f7630f835eb9202584bc796ee4"}
,"/home/benjamin/Documents/Programming/webTime/src/utils/tab.js": {"path":"/home/benjamin/Documents/Programming/webTime/src/utils/tab.js","statementMap":{"0":{"start":{"line":5,"column":22},"end":{"line":5,"column":59}},"1":{"start":{"line":6,"column":1},"end":{"line":16,"column":2}},"2":{"start":{"line":7,"column":14},"end":{"line":7,"column":51}},"3":{"start":{"line":9,"column":2},"end":{"line":11,"column":3}},"4":{"start":{"line":10,"column":3},"end":{"line":10,"column":14}},"5":{"start":{"line":12,"column":2},"end":{"line":12,"column":14}},"6":{"start":{"line":14,"column":2},"end":{"line":14,"column":53}},"7":{"start":{"line":15,"column":2},"end":{"line":15,"column":14}},"8":{"start":{"line":20,"column":1},"end":{"line":36,"column":2}},"9":{"start":{"line":21,"column":2},"end":{"line":21,"column":25}},"10":{"start":{"line":21,"column":12},"end":{"line":21,"column":25}},"11":{"start":{"line":23,"column":19},"end":{"line":23,"column":35}},"12":{"start":{"line":24,"column":19},"end":{"line":24,"column":50}},"13":{"start":{"line":26,"column":18},"end":{"line":26,"column":23}},"14":{"start":{"line":27,"column":2},"end":{"line":31,"column":5}},"15":{"start":{"line":28,"column":3},"end":{"line":30,"column":4}},"16":{"start":{"line":29,"column":4},"end":{"line":29,"column":21}},"17":{"start":{"line":33,"column":2},"end":{"line":33,"column":19}},"18":{"start":{"line":35,"column":2},"end":{"line":35,"column":59}},"19":{"start":{"line":40,"column":1},"end":{"line":45,"column":2}},"20":{"start":{"line":41,"column":14},"end":{"line":41,"column":30}},"21":{"start":{"line":42,"column":2},"end":{"line":42,"column":26}},"22":{"start":{"line":44,"column":2},"end":{"line":44,"column":43}}},"fnMap":{"0":{"name":"getCurrentTab","decl":{"start":{"line":4,"column":22},"end":{"line":4,"column":35}},"loc":{"start":{"line":4,"column":38},"end":{"line":17,"column":1}},"line":4},"1":{"name":"isTrackedURL","decl":{"start":{"line":19,"column":22},"end":{"line":19,"column":34}},"loc":{"start":{"line":19,"column":40},"end":{"line":37,"column":1}},"line":19},"2":{"name":"(anonymous_2)","decl":{"start":{"line":27,"column":32},"end":{"line":27,"column":33}},"loc":{"start":{"line":27,"column":41},"end":{"line":31,"column":3}},"line":27},"3":{"name":"getHostname","decl":{"start":{"line":39,"column":16},"end":{"line":39,"column":27}},"loc":{"start":{"line":39,"column":37},"end":{"line":46,"column":1}},"line":39}},"branchMap":{"0":{"loc":{"start":{"line":9,"column":2},"end":{"line":11,"column":3}},"type":"if","locations":[{"start":{"line":9,"column":2},"end":{"line":11,"column":3}},{"start":{},"end":{}}],"line":9},"1":{"loc":{"start":{"line":21,"column":2},"end":{"line":21,"column":25}},"type":"if","locations":[{"start":{"line":21,"column":2},"end":{"line":21,"column":25}},{"start":{},"end":{}}],"line":21},"2":{"loc":{"start":{"line":28,"column":3},"end":{"line":30,"column":4}},"type":"if","locations":[{"start":{"line":28,"column":3},"end":{"line":30,"column":4}},{"start":{},"end":{}}],"line":28}},"s":{"0":3,"1":3,"2":3,"3":2,"4":1,"5":1,"6":1,"7":1,"8":7,"9":7,"10":4,"11":3,"12":3,"13":3,"14":3,"15":4,"16":2,"17":3,"18":0,"19":6,"20":6,"21":5,"22":1},"f":{"0":3,"1":7,"2":4,"3":6},"b":{"0":[1,1],"1":[4,3],"2":[2,2]},"_coverageSchema":"1a1c01bbd47fc00a2c39e90264f33305004495a9","hash":"a9b4b3d4f99e0f215d8fbc303d27954672bcf1b0"}
,"/home/benjamin/Documents/Programming/webTime/src/utils/timer.js": {"path":"/home/benjamin/Documents/Programming/webTime/src/utils/timer.js","statementMap":{"0":{"start":{"line":6,"column":2},"end":{"line":6,"column":20}},"1":{"start":{"line":10,"column":2},"end":{"line":28,"column":11}},"2":{"start":{"line":11,"column":3},"end":{"line":11,"column":13}},"3":{"start":{"line":12,"column":3},"end":{"line":15,"column":4}},"4":{"start":{"line":13,"column":4},"end":{"line":13,"column":14}},"5":{"start":{"line":14,"column":4},"end":{"line":14,"column":16}},"6":{"start":{"line":17,"column":3},"end":{"line":20,"column":4}},"7":{"start":{"line":18,"column":4},"end":{"line":18,"column":12}},"8":{"start":{"line":19,"column":4},"end":{"line":19,"column":16}},"9":{"start":{"line":22,"column":3},"end":{"line":27,"column":6}},"10":{"start":{"line":32,"column":2},"end":{"line":32,"column":28}},"11":{"start":{"line":37,"column":19},"end":{"line":37,"column":71}},"12":{"start":{"line":39,"column":1},"end":{"line":39,"column":36}},"13":{"start":{"line":41,"column":21},"end":{"line":41,"column":52}},"14":{"start":{"line":42,"column":24},"end":{"line":45,"column":2}},"15":{"start":{"line":46,"column":1},"end":{"line":46,"column":43}}},"fnMap":{"0":{"name":"(anonymous_0)","decl":{"start":{"line":5,"column":1},"end":{"line":5,"column":2}},"loc":{"start":{"line":5,"column":15},"end":{"line":7,"column":2}},"line":5},"1":{"name":"(anonymous_1)","decl":{"start":{"line":9,"column":1},"end":{"line":9,"column":2}},"loc":{"start":{"line":9,"column":53},"end":{"line":29,"column":2}},"line":9},"2":{"name":"(anonymous_2)","decl":{"start":{"line":10,"column":27},"end":{"line":10,"column":28}},"loc":{"start":{"line":10,"column":39},"end":{"line":28,"column":3}},"line":10},"3":{"name":"(anonymous_3)","decl":{"start":{"line":31,"column":1},"end":{"line":31,"column":2}},"loc":{"start":{"line":31,"column":13},"end":{"line":33,"column":2}},"line":31},"4":{"name":"tick","decl":{"start":{"line":36,"column":15},"end":{"line":36,"column":19}},"loc":{"start":{"line":36,"column":61},"end":{"line":47,"column":1}},"line":36}},"branchMap":{"0":{"loc":{"start":{"line":12,"column":3},"end":{"line":15,"column":4}},"type":"if","locations":[{"start":{"line":12,"column":3},"end":{"line":15,"column":4}},{"start":{},"end":{}}],"line":12},"1":{"loc":{"start":{"line":17,"column":3},"end":{"line":20,"column":4}},"type":"if","locations":[{"start":{"line":17,"column":3},"end":{"line":20,"column":4}},{"start":{},"end":{}}],"line":17}},"s":{"0":0,"1":0,"2":0,"3":0,"4":0,"5":0,"6":0,"7":0,"8":0,"9":0,"10":0,"11":0,"12":0,"13":0,"14":0,"15":0},"f":{"0":0,"1":0,"2":0,"3":0,"4":0},"b":{"0":[0,0],"1":[0,0]}}
,"/home/benjamin/Documents/Programming/webTime/src/utils/timerUI.js": {"path":"/home/benjamin/Documents/Programming/webTime/src/utils/timerUI.js","statementMap":{"0":{"start":{"line":3,"column":2},"end":{"line":3,"column":24}},"1":{"start":{"line":7,"column":25},"end":{"line":7,"column":54}},"2":{"start":{"line":8,"column":2},"end":{"line":8,"column":50}},"3":{"start":{"line":10,"column":16},"end":{"line":10,"column":43}},"4":{"start":{"line":12,"column":2},"end":{"line":12,"column":36}},"5":{"start":{"line":13,"column":2},"end":{"line":13,"column":44}},"6":{"start":{"line":15,"column":2},"end":{"line":15,"column":25}},"7":{"start":{"line":19,"column":21},"end":{"line":19,"column":59}},"8":{"start":{"line":20,"column":21},"end":{"line":20,"column":59}},"9":{"start":{"line":21,"column":23},"end":{"line":21,"column":55}},"10":{"start":{"line":23,"column":2},"end":{"line":27,"column":3}},"11":{"start":{"line":24,"column":3},"end":{"line":24,"column":84}},"12":{"start":{"line":26,"column":3},"end":{"line":26,"column":66}}},"fnMap":{"0":{"name":"(anonymous_0)","decl":{"start":{"line":2,"column":1},"end":{"line":2,"column":2}},"loc":{"start":{"line":2,"column":15},"end":{"line":4,"column":2}},"line":2},"1":{"name":"(anonymous_1)","decl":{"start":{"line":6,"column":1},"end":{"line":6,"column":2}},"loc":{"start":{"line":6,"column":19},"end":{"line":16,"column":2}},"line":6},"2":{"name":"(anonymous_2)","decl":{"start":{"line":18,"column":1},"end":{"line":18,"column":2}},"loc":{"start":{"line":18,"column":46},"end":{"line":28,"column":2}},"line":18}},"branchMap":{"0":{"loc":{"start":{"line":19,"column":21},"end":{"line":19,"column":59}},"type":"cond-expr","locations":[{"start":{"line":19,"column":36},"end":{"line":19,"column":49}},{"start":{"line":19,"column":52},"end":{"line":19,"column":59}}],"line":19},"1":{"loc":{"start":{"line":20,"column":21},"end":{"line":20,"column":59}},"type":"cond-expr","locations":[{"start":{"line":20,"column":36},"end":{"line":20,"column":49}},{"start":{"line":20,"column":52},"end":{"line":20,"column":59}}],"line":20},"2":{"loc":{"start":{"line":21,"column":23},"end":{"line":21,"column":55}},"type":"cond-expr","locations":[{"start":{"line":21,"column":36},"end":{"line":21,"column":47}},{"start":{"line":21,"column":50},"end":{"line":21,"column":55}}],"line":21},"3":{"loc":{"start":{"line":23,"column":2},"end":{"line":27,"column":3}},"type":"if","locations":[{"start":{"line":23,"column":2},"end":{"line":27,"column":3}},{"start":{"line":25,"column":9},"end":{"line":27,"column":3}}],"line":23}},"s":{"0":0,"1":0,"2":0,"3":0,"4":0,"5":0,"6":0,"7":0,"8":0,"9":0,"10":0,"11":0,"12":0},"f":{"0":0,"1":0,"2":0},"b":{"0":[0,0],"1":[0,0],"2":[0,0],"3":[0,0]}}
}
